{
  "RSpec": {
    "coverage": {
      "/Users/randylatz/test/game_gettr/app/models/game.rb": [
        1,
        1,
        1,
        null,
        1,
        null,
        null
      ],
      "/Users/randylatz/test/game_gettr/spec/models/user_spec.rb": [
        1,
        null,
        1,
        2,
        2,
        2,
        null
      ],
      "/Users/randylatz/test/game_gettr/app/models/user.rb": [
        1,
        null,
        1,
        1,
        null,
        null,
        1,
        1,
        null,
        null,
        null,
        null,
        null,
        1,
        null,
        null,
        1,
        null,
        0,
        null,
        null,
        null,
        1,
        null,
        0,
        null,
        null,
        null,
        null,
        null,
        null,
        null,
        1,
        null,
        null,
        1,
        0,
        null,
        null,
        null,
        1,
        0,
        null,
        null,
        null
      ]
    },
    "timestamp": 1431543013
  }
}
